Fri Jul 27 16:11:27 CST 2018-----------start Generate_apache_cert-----------
Fri Jul 27 16:11:28 CST 2018----------- end Generate_apache_cert-----------
Sun Jun 2 16:01:50 CST 2019-----------start Generate_apache_cert-----------
Sun Jun 2 16:01:51 CST 2019----------- end Generate_apache_cert-----------
Sun Jun 2 16:05:00 CST 2019-----------start Generate_apache_cert-----------
Sun Jun 2 16:05:01 CST 2019----------- end Generate_apache_cert-----------
Sun Jun 2 16:26:13 CST 2019-----------start Generate_apache_cert-----------
Sun Jun 2 16:26:14 CST 2019----------- end Generate_apache_cert-----------
Sun Jun 2 17:00:26 CST 2019-----------start Generate_apache_cert-----------
Sun Jun 2 17:00:27 CST 2019----------- end Generate_apache_cert-----------
Sat Jun 15 14:59:56 CST 2019-----------start Generate_apache_cert-----------
Sat Jun 15 14:59:58 CST 2019----------- end Generate_apache_cert-----------
Sat Jun 15 15:21:19 CST 2019-----------start Generate_apache_cert-----------
Sat Jun 15 15:21:20 CST 2019----------- end Generate_apache_cert-----------
Mon Jun 17 14:34:17 CST 2019-----------start Generate_apache_cert-----------
Mon Jun 17 14:34:18 CST 2019----------- end Generate_apache_cert-----------
Tue Jun 18 13:15:57 CST 2019-----------start Generate_apache_cert-----------
Tue Jun 18 13:15:58 CST 2019----------- end Generate_apache_cert-----------
Tue Jun 18 15:50:05 CST 2019-----------start Generate_apache_cert-----------
Tue Jun 18 15:50:07 CST 2019----------- end Generate_apache_cert-----------
